[2024-03-29 20:47:47Z INFO HostContext] No proxy settings were found based on environmental variables (http_proxy/https_proxy/HTTP_PROXY/HTTPS_PROXY)
[2024-03-29 20:47:47Z INFO HostContext] Well known directory 'Bin': 'C:\Users\etbra\OneDrive\Documents\GitHub\ci-cd-testing-gh-actions\deploy\bin'
[2024-03-29 20:47:47Z INFO HostContext] Well known directory 'Root': 'C:\Users\etbra\OneDrive\Documents\GitHub\ci-cd-testing-gh-actions\deploy'
[2024-03-29 20:47:47Z INFO HostContext] Well known config file 'Credentials': 'C:\Users\etbra\OneDrive\Documents\GitHub\ci-cd-testing-gh-actions\deploy\.credentials'
[2024-03-29 20:47:47Z INFO HostContext] Well known directory 'Bin': 'C:\Users\etbra\OneDrive\Documents\GitHub\ci-cd-testing-gh-actions\deploy\bin'
[2024-03-29 20:47:47Z INFO HostContext] Well known directory 'Root': 'C:\Users\etbra\OneDrive\Documents\GitHub\ci-cd-testing-gh-actions\deploy'
[2024-03-29 20:47:47Z INFO HostContext] Well known config file 'Runner': 'C:\Users\etbra\OneDrive\Documents\GitHub\ci-cd-testing-gh-actions\deploy\.runner'
[2024-03-29 20:47:47Z INFO Listener] Runner is built for Windows (X64) - win-x64.
[2024-03-29 20:47:47Z INFO Listener] RuntimeInformation: Microsoft Windows 10.0.22631.
[2024-03-29 20:47:47Z INFO Listener] Version: 2.314.1
[2024-03-29 20:47:47Z INFO Listener] Commit: 976290d966e6cc3e748a49bf8fdbe139ff764201
[2024-03-29 20:47:47Z INFO Listener] Culture: en-US
[2024-03-29 20:47:47Z INFO Listener] UI Culture: en-US
[2024-03-29 20:47:47Z INFO HostContext] Well known directory 'Bin': 'C:\Users\etbra\OneDrive\Documents\GitHub\ci-cd-testing-gh-actions\deploy\bin'
[2024-03-29 20:47:47Z INFO HostContext] Well known directory 'Root': 'C:\Users\etbra\OneDrive\Documents\GitHub\ci-cd-testing-gh-actions\deploy'
[2024-03-29 20:47:47Z INFO Listener] Validating directory permissions for: 'C:\Users\etbra\OneDrive\Documents\GitHub\ci-cd-testing-gh-actions\deploy'
[2024-03-29 20:47:47Z ERR  Terminal] WRITE ERROR: An error occurred: Permission to read the directory contents is required for 'C:\Users\etbra\OneDrive\Documents\GitHub\ci-cd-testing-gh-actions\deploy' and each directory up the hierarchy. Access to the path 'C:\Users\etbra\OneDrive\Documents\GitHub\ci-cd-testing-gh-actions' is denied.
[2024-03-29 20:47:47Z ERR  Listener] System.UnauthorizedAccessException: Permission to read the directory contents is required for 'C:\Users\etbra\OneDrive\Documents\GitHub\ci-cd-testing-gh-actions\deploy' and each directory up the hierarchy. Access to the path 'C:\Users\etbra\OneDrive\Documents\GitHub\ci-cd-testing-gh-actions' is denied.
 ---> System.UnauthorizedAccessException: Access to the path 'C:\Users\etbra\OneDrive\Documents\GitHub\ci-cd-testing-gh-actions' is denied.
   at System.IO.Enumeration.FileSystemEnumerator`1.CreateDirectoryHandle(String path, Boolean ignoreNotFound)
   at System.IO.Enumeration.FileSystemEnumerator`1.Init()
   at System.IO.Enumeration.FileSystemEnumerator`1..ctor(String directory, Boolean isNormalized, EnumerationOptions options)
   at System.IO.Enumeration.FileSystemEnumerable`1..ctor(String directory, FindTransform transform, EnumerationOptions options, Boolean isNormalized)
   at System.IO.Enumeration.FileSystemEnumerableFactory.UserEntries(String directory, String expression, EnumerationOptions options)
   at System.IO.Directory.InternalEnumeratePaths(String path, String searchPattern, SearchTarget searchTarget, EnumerationOptions options)
   at System.IO.Directory.EnumerateFileSystemEntries(String path)
   at GitHub.Runner.Sdk.IOUtil.ValidateExecutePermission(String directory)
   --- End of inner exception stack trace ---
   at GitHub.Runner.Sdk.IOUtil.ValidateExecutePermission(String directory)
   at GitHub.Runner.Listener.Program.MainAsync(IHostContext context, String[] args)
[2024-03-29 20:47:47Z ERR  Listener] #####################################################
[2024-03-29 20:47:47Z ERR  Listener] System.UnauthorizedAccessException: Access to the path 'C:\Users\etbra\OneDrive\Documents\GitHub\ci-cd-testing-gh-actions' is denied.
   at System.IO.Enumeration.FileSystemEnumerator`1.CreateDirectoryHandle(String path, Boolean ignoreNotFound)
   at System.IO.Enumeration.FileSystemEnumerator`1.Init()
   at System.IO.Enumeration.FileSystemEnumerator`1..ctor(String directory, Boolean isNormalized, EnumerationOptions options)
   at System.IO.Enumeration.FileSystemEnumerable`1..ctor(String directory, FindTransform transform, EnumerationOptions options, Boolean isNormalized)
   at System.IO.Enumeration.FileSystemEnumerableFactory.UserEntries(String directory, String expression, EnumerationOptions options)
   at System.IO.Directory.InternalEnumeratePaths(String path, String searchPattern, SearchTarget searchTarget, EnumerationOptions options)
   at System.IO.Directory.EnumerateFileSystemEntries(String path)
   at GitHub.Runner.Sdk.IOUtil.ValidateExecutePermission(String directory)
