[2024-03-29 20:47:04Z INFO HostContext] No proxy settings were found based on environmental variables (http_proxy/https_proxy/HTTP_PROXY/HTTPS_PROXY)
[2024-03-29 20:47:04Z INFO HostContext] Well known directory 'Bin': 'C:\Users\etbra\OneDrive\Documents\GitHub\ci-cd-testing-gh-actions\deploy\bin'
[2024-03-29 20:47:04Z INFO HostContext] Well known directory 'Root': 'C:\Users\etbra\OneDrive\Documents\GitHub\ci-cd-testing-gh-actions\deploy'
[2024-03-29 20:47:04Z INFO HostContext] Well known config file 'Credentials': 'C:\Users\etbra\OneDrive\Documents\GitHub\ci-cd-testing-gh-actions\deploy\.credentials'
[2024-03-29 20:47:04Z INFO HostContext] Well known directory 'Bin': 'C:\Users\etbra\OneDrive\Documents\GitHub\ci-cd-testing-gh-actions\deploy\bin'
[2024-03-29 20:47:04Z INFO HostContext] Well known directory 'Root': 'C:\Users\etbra\OneDrive\Documents\GitHub\ci-cd-testing-gh-actions\deploy'
[2024-03-29 20:47:04Z INFO HostContext] Well known config file 'Runner': 'C:\Users\etbra\OneDrive\Documents\GitHub\ci-cd-testing-gh-actions\deploy\.runner'
[2024-03-29 20:47:04Z INFO Listener] Runner is built for Windows (X64) - win-x64.
[2024-03-29 20:47:04Z INFO Listener] RuntimeInformation: Microsoft Windows 10.0.22631.
[2024-03-29 20:47:04Z INFO Listener] Version: 2.314.1
[2024-03-29 20:47:04Z INFO Listener] Commit: 976290d966e6cc3e748a49bf8fdbe139ff764201
[2024-03-29 20:47:04Z INFO Listener] Culture: en-CA
[2024-03-29 20:47:04Z INFO Listener] UI Culture: en-US
[2024-03-29 20:47:04Z INFO HostContext] Well known directory 'Bin': 'C:\Users\etbra\OneDrive\Documents\GitHub\ci-cd-testing-gh-actions\deploy\bin'
[2024-03-29 20:47:04Z INFO HostContext] Well known directory 'Root': 'C:\Users\etbra\OneDrive\Documents\GitHub\ci-cd-testing-gh-actions\deploy'
[2024-03-29 20:47:04Z INFO Listener] Validating directory permissions for: 'C:\Users\etbra\OneDrive\Documents\GitHub\ci-cd-testing-gh-actions\deploy'
[2024-03-29 20:47:04Z INFO CommandLineParser] Parse
[2024-03-29 20:47:04Z INFO CommandLineParser] Parsing 5 args
[2024-03-29 20:47:04Z INFO CommandLineParser] parsing argument
[2024-03-29 20:47:04Z INFO CommandLineParser] HasArgs: False
[2024-03-29 20:47:04Z INFO CommandLineParser] Adding Command: configure
[2024-03-29 20:47:04Z INFO CommandLineParser] parsing argument
[2024-03-29 20:47:04Z INFO CommandLineParser] HasArgs: True
[2024-03-29 20:47:04Z INFO CommandLineParser] arg: url
[2024-03-29 20:47:04Z INFO CommandLineParser] parsing argument
[2024-03-29 20:47:04Z INFO CommandLineParser] HasArgs: True
[2024-03-29 20:47:04Z INFO CommandLineParser] Adding option 'url': 'https://github.com/Schoolhighfivebrad/ci-cd-testing-gh-actions'
[2024-03-29 20:47:04Z INFO CommandLineParser] parsing argument
[2024-03-29 20:47:04Z INFO CommandLineParser] HasArgs: True
[2024-03-29 20:47:04Z INFO CommandLineParser] arg: token
[2024-03-29 20:47:04Z INFO CommandLineParser] parsing argument
[2024-03-29 20:47:04Z INFO CommandLineParser] HasArgs: True
[2024-03-29 20:47:04Z INFO CommandLineParser] Adding option 'token': '***'
[2024-03-29 20:47:04Z INFO Listener] Arguments parsed
[2024-03-29 20:47:04Z INFO Runner] ExecuteCommand
[2024-03-29 20:47:04Z INFO ConfigurationStore] currentAssemblyLocation: C:\Users\etbra\OneDrive\Documents\GitHub\ci-cd-testing-gh-actions\deploy\bin\Runner.Listener.dll
[2024-03-29 20:47:04Z INFO HostContext] Well known directory 'Bin': 'C:\Users\etbra\OneDrive\Documents\GitHub\ci-cd-testing-gh-actions\deploy\bin'
[2024-03-29 20:47:04Z INFO ConfigurationStore] binPath: C:\Users\etbra\OneDrive\Documents\GitHub\ci-cd-testing-gh-actions\deploy\bin
[2024-03-29 20:47:04Z INFO HostContext] Well known directory 'Bin': 'C:\Users\etbra\OneDrive\Documents\GitHub\ci-cd-testing-gh-actions\deploy\bin'
[2024-03-29 20:47:04Z INFO HostContext] Well known directory 'Root': 'C:\Users\etbra\OneDrive\Documents\GitHub\ci-cd-testing-gh-actions\deploy'
[2024-03-29 20:47:04Z INFO ConfigurationStore] RootFolder: C:\Users\etbra\OneDrive\Documents\GitHub\ci-cd-testing-gh-actions\deploy
[2024-03-29 20:47:04Z INFO HostContext] Well known directory 'Bin': 'C:\Users\etbra\OneDrive\Documents\GitHub\ci-cd-testing-gh-actions\deploy\bin'
[2024-03-29 20:47:04Z INFO HostContext] Well known directory 'Root': 'C:\Users\etbra\OneDrive\Documents\GitHub\ci-cd-testing-gh-actions\deploy'
[2024-03-29 20:47:04Z INFO HostContext] Well known config file 'Runner': 'C:\Users\etbra\OneDrive\Documents\GitHub\ci-cd-testing-gh-actions\deploy\.runner'
[2024-03-29 20:47:04Z INFO ConfigurationStore] ConfigFilePath: C:\Users\etbra\OneDrive\Documents\GitHub\ci-cd-testing-gh-actions\deploy\.runner
[2024-03-29 20:47:04Z INFO HostContext] Well known directory 'Bin': 'C:\Users\etbra\OneDrive\Documents\GitHub\ci-cd-testing-gh-actions\deploy\bin'
[2024-03-29 20:47:04Z INFO HostContext] Well known directory 'Root': 'C:\Users\etbra\OneDrive\Documents\GitHub\ci-cd-testing-gh-actions\deploy'
[2024-03-29 20:47:04Z INFO HostContext] Well known config file 'Credentials': 'C:\Users\etbra\OneDrive\Documents\GitHub\ci-cd-testing-gh-actions\deploy\.credentials'
[2024-03-29 20:47:04Z INFO ConfigurationStore] CredFilePath: C:\Users\etbra\OneDrive\Documents\GitHub\ci-cd-testing-gh-actions\deploy\.credentials
[2024-03-29 20:47:04Z INFO HostContext] Well known directory 'Bin': 'C:\Users\etbra\OneDrive\Documents\GitHub\ci-cd-testing-gh-actions\deploy\bin'
[2024-03-29 20:47:04Z INFO HostContext] Well known directory 'Root': 'C:\Users\etbra\OneDrive\Documents\GitHub\ci-cd-testing-gh-actions\deploy'
[2024-03-29 20:47:04Z INFO HostContext] Well known config file 'MigratedCredentials': 'C:\Users\etbra\OneDrive\Documents\GitHub\ci-cd-testing-gh-actions\deploy\.credentials_migrated'
[2024-03-29 20:47:04Z INFO ConfigurationStore] MigratedCredFilePath: C:\Users\etbra\OneDrive\Documents\GitHub\ci-cd-testing-gh-actions\deploy\.credentials_migrated
[2024-03-29 20:47:04Z INFO HostContext] Well known directory 'Bin': 'C:\Users\etbra\OneDrive\Documents\GitHub\ci-cd-testing-gh-actions\deploy\bin'
[2024-03-29 20:47:04Z INFO HostContext] Well known directory 'Root': 'C:\Users\etbra\OneDrive\Documents\GitHub\ci-cd-testing-gh-actions\deploy'
[2024-03-29 20:47:04Z INFO HostContext] Well known config file 'Service': 'C:\Users\etbra\OneDrive\Documents\GitHub\ci-cd-testing-gh-actions\deploy\.service'
[2024-03-29 20:47:04Z INFO ConfigurationStore] ServiceConfigFilePath: C:\Users\etbra\OneDrive\Documents\GitHub\ci-cd-testing-gh-actions\deploy\.service
[2024-03-29 20:47:04Z INFO CommandSettings] Flag 'help': 'False'
[2024-03-29 20:47:04Z INFO CommandSettings] Flag 'version': 'False'
[2024-03-29 20:47:04Z INFO CommandSettings] Flag 'commit': 'False'
[2024-03-29 20:47:04Z INFO CommandSettings] Flag 'check': 'False'
[2024-03-29 20:47:04Z INFO CommandSettings] Command 'configure': 'True'
[2024-03-29 20:47:04Z INFO Terminal] WRITE LINE: 
[2024-03-29 20:47:04Z INFO Terminal] WRITE LINE: --------------------------------------------------------------------------------
[2024-03-29 20:47:04Z INFO Terminal] WRITE LINE: |        ____ _ _   _   _       _          _        _   _                      |
[2024-03-29 20:47:04Z INFO Terminal] WRITE LINE: |       / ___(_) |_| | | |_   _| |__      / \   ___| |_(_) ___  _ __  ___      |
[2024-03-29 20:47:04Z INFO Terminal] WRITE LINE: |      | |  _| | __| |_| | | | | '_ \    / _ \ / __| __| |/ _ \| '_ \/ __|     |
[2024-03-29 20:47:04Z INFO Terminal] WRITE LINE: |      | |_| | | |_|  _  | |_| | |_) |  / ___ \ (__| |_| | (_) | | | \__ \     |
[2024-03-29 20:47:04Z INFO Terminal] WRITE LINE: |       \____|_|\__|_| |_|\__,_|_.__/  /_/   \_\___|\__|_|\___/|_| |_|___/     |
[2024-03-29 20:47:04Z INFO Terminal] WRITE LINE: |                                                                              |
[2024-03-29 20:47:04Z INFO Terminal] WRITE: |                       
[2024-03-29 20:47:04Z INFO Terminal] WRITE: Self-hosted runner registration
[2024-03-29 20:47:04Z INFO Terminal] WRITE LINE:                         |
[2024-03-29 20:47:04Z INFO Terminal] WRITE LINE: |                                                                              |
[2024-03-29 20:47:04Z INFO Terminal] WRITE LINE: --------------------------------------------------------------------------------
[2024-03-29 20:47:04Z INFO ConfigurationManager] ConfigureAsync
[2024-03-29 20:47:04Z INFO CommandSettings] Flag 'generateServiceConfig': 'False'
[2024-03-29 20:47:04Z INFO ConfigurationStore] IsConfigured()
[2024-03-29 20:47:04Z INFO ConfigurationStore] IsConfigured: False
[2024-03-29 20:47:04Z INFO ConfigurationManager] Is configured: False
[2024-03-29 20:47:04Z INFO CommandSettings] Arg 'url': 'https://github.com/Schoolhighfivebrad/ci-cd-testing-gh-actions'
[2024-03-29 20:47:04Z INFO CommandSettings] Remove url from Arg dictionary.
[2024-03-29 20:47:04Z INFO CommandSettings] Arg 'token': '***'
[2024-03-29 20:47:04Z INFO CommandSettings] Remove token from Arg dictionary.
[2024-03-29 20:47:05Z INFO ConfigurationManager] Http response code: OK from 'POST https://api.github.com/actions/runner-registration' (CF2E:8907:B77168:12D28C6:660728C8)
[2024-03-29 20:47:05Z INFO ConfigurationManager] Using V2 flow: False
[2024-03-29 20:47:05Z INFO ConfigurationManager] cred retrieved via GitHub auth
[2024-03-29 20:47:05Z INFO RunnerServer] EstablishVssConnection
[2024-03-29 20:47:05Z INFO RunnerServer] Establish connection with 100 seconds timeout.
[2024-03-29 20:47:05Z INFO GitHubActionsService] Starting operation Location.GetConnectionData
[2024-03-29 20:47:05Z INFO RunnerServer] EstablishVssConnection
[2024-03-29 20:47:05Z INFO RunnerServer] Establish connection with 60 seconds timeout.
[2024-03-29 20:47:05Z INFO GitHubActionsService] Starting operation Location.GetConnectionData
[2024-03-29 20:47:05Z INFO RunnerServer] EstablishVssConnection
[2024-03-29 20:47:05Z INFO RunnerServer] Establish connection with 60 seconds timeout.
[2024-03-29 20:47:05Z INFO GitHubActionsService] Starting operation Location.GetConnectionData
[2024-03-29 20:47:05Z INFO GitHubActionsService] Finished operation Location.GetConnectionData
[2024-03-29 20:47:05Z INFO GitHubActionsService] Finished operation Location.GetConnectionData
[2024-03-29 20:47:05Z INFO GitHubActionsService] Finished operation Location.GetConnectionData
[2024-03-29 20:47:05Z INFO Terminal] WRITE LINE: 
[2024-03-29 20:47:05Z INFO ConfigurationManager] Test Connection complete.
[2024-03-29 20:47:05Z INFO HostContext] Well known directory 'Bin': 'C:\Users\etbra\OneDrive\Documents\GitHub\ci-cd-testing-gh-actions\deploy\bin'
[2024-03-29 20:47:05Z INFO HostContext] Well known directory 'Root': 'C:\Users\etbra\OneDrive\Documents\GitHub\ci-cd-testing-gh-actions\deploy'
[2024-03-29 20:47:05Z INFO HostContext] Well known config file 'RSACredentials': 'C:\Users\etbra\OneDrive\Documents\GitHub\ci-cd-testing-gh-actions\deploy\.credentials_rsaparams'
[2024-03-29 20:47:05Z INFO RSAEncryptedFileKeyManager] Creating new RSA key using 2048-bit key length
[2024-03-29 20:47:05Z INFO RSAEncryptedFileKeyManager] Successfully saved RSA key parameters to file C:\Users\etbra\OneDrive\Documents\GitHub\ci-cd-testing-gh-actions\deploy\.credentials_rsaparams
[2024-03-29 20:47:05Z INFO CommandSettings] Arg 'runnergroup': ''
[2024-03-29 20:47:05Z INFO CommandSettings] Flag 'unattended': 'False'
[2024-03-29 20:47:05Z INFO PromptManager] ReadValue
[2024-03-29 20:47:05Z INFO Terminal] WRITE: Enter the name of the runner group to add this runner to: 
[2024-03-29 20:47:05Z INFO Terminal] WRITE: [press Enter for Default] 
[2024-03-29 20:47:05Z INFO Terminal] READ LINE
[2024-03-29 20:47:08Z INFO Terminal] Read value: ''
[2024-03-29 20:47:08Z INFO PromptManager] Falling back to the default: 'Default'
[2024-03-29 20:47:08Z INFO Terminal] WRITE LINE: 
[2024-03-29 20:47:08Z INFO ConfigurationManager] Found a self-hosted runner group with id 1 and name Default
[2024-03-29 20:47:08Z INFO CommandSettings] Flag 'disableupdate': 'False'
[2024-03-29 20:47:08Z INFO CommandSettings] Flag 'ephemeral': 'False'
[2024-03-29 20:47:08Z INFO CommandSettings] Arg 'name': ''
[2024-03-29 20:47:08Z INFO CommandSettings] Flag 'unattended': 'False'
[2024-03-29 20:47:08Z INFO PromptManager] ReadValue
[2024-03-29 20:47:08Z INFO Terminal] WRITE: Enter the name of runner: 
[2024-03-29 20:47:08Z INFO Terminal] WRITE: [press Enter for MSI] 
[2024-03-29 20:47:08Z INFO Terminal] READ LINE
[2024-03-29 20:47:13Z INFO Terminal] Read value: 'deploy'
[2024-03-29 20:47:13Z INFO Terminal] WRITE LINE: 
[2024-03-29 20:47:13Z INFO CommandSettings] Arg 'labels': ''
[2024-03-29 20:47:13Z INFO CommandSettings] Flag 'unattended': 'False'
[2024-03-29 20:47:13Z INFO PromptManager] ReadValue
[2024-03-29 20:47:13Z INFO Terminal] WRITE: This runner will have the following labels: 'self-hosted', 'Windows', 'X64' 
Enter any additional labels (ex. label-1,label-2): 
[2024-03-29 20:47:13Z INFO Terminal] WRITE: [press Enter to skip] 
[2024-03-29 20:47:13Z INFO Terminal] READ LINE
[2024-03-29 20:47:17Z INFO Terminal] Read value: ''
[2024-03-29 20:47:17Z INFO Terminal] WRITE LINE: 
[2024-03-29 20:47:17Z INFO Terminal] WRITE LINE: A runner exists with the same name
[2024-03-29 20:47:17Z INFO CommandSettings] Flag 'replace': 'False'
[2024-03-29 20:47:17Z INFO CommandSettings] Flag 'unattended': 'False'
[2024-03-29 20:47:17Z INFO PromptManager] ReadValue
[2024-03-29 20:47:17Z INFO Terminal] WRITE: Would you like to replace the existing runner? (Y/N) 
[2024-03-29 20:47:17Z INFO Terminal] WRITE: [press Enter for N] 
[2024-03-29 20:47:17Z INFO Terminal] READ LINE
[2024-03-29 20:47:23Z INFO Terminal] Read value: 'Y'
[2024-03-29 20:47:23Z INFO CommandSettings] Flag 'disableupdate': 'False'
[2024-03-29 20:47:23Z INFO CommandSettings] Flag 'no-default-labels': 'False'
[2024-03-29 20:47:24Z INFO CommandSettings] Flag 'disableupdate': 'False'
[2024-03-29 20:47:24Z INFO CommandSettings] Flag 'ephemeral': 'False'
[2024-03-29 20:47:24Z INFO ConfigurationStore] Saving OAuth credential @ C:\Users\etbra\OneDrive\Documents\GitHub\ci-cd-testing-gh-actions\deploy\.credentials
[2024-03-29 20:47:24Z INFO ConfigurationStore] Credentials Saved.
[2024-03-29 20:47:24Z INFO ConfigurationStore] HasCredentials()
[2024-03-29 20:47:24Z INFO ConfigurationStore] stored True
[2024-03-29 20:47:24Z INFO CredentialManager] GetCredentialProvider
[2024-03-29 20:47:24Z INFO CredentialManager] Creating type OAuth
[2024-03-29 20:47:24Z INFO CredentialManager] Creating credential type: OAuth
[2024-03-29 20:47:24Z INFO RSAEncryptedFileKeyManager] Loading RSA key parameters from file C:\Users\etbra\OneDrive\Documents\GitHub\ci-cd-testing-gh-actions\deploy\.credentials_rsaparams
[2024-03-29 20:47:24Z INFO RunnerServer] EstablishVssConnection
[2024-03-29 20:47:24Z INFO RunnerServer] Establish connection with 100 seconds timeout.
[2024-03-29 20:47:24Z INFO GitHubActionsService] Starting operation Location.GetConnectionData
[2024-03-29 20:47:24Z INFO RunnerServer] EstablishVssConnection
[2024-03-29 20:47:24Z INFO RunnerServer] Establish connection with 60 seconds timeout.
[2024-03-29 20:47:24Z INFO GitHubActionsService] Starting operation Location.GetConnectionData
[2024-03-29 20:47:24Z INFO RunnerServer] EstablishVssConnection
[2024-03-29 20:47:24Z INFO RunnerServer] Establish connection with 60 seconds timeout.
[2024-03-29 20:47:24Z INFO GitHubActionsService] Starting operation Location.GetConnectionData
[2024-03-29 20:47:24Z INFO GitHubActionsService] Finished operation Location.GetConnectionData
[2024-03-29 20:47:24Z INFO GitHubActionsService] Finished operation Location.GetConnectionData
[2024-03-29 20:47:24Z INFO GitHubActionsService] Finished operation Location.GetConnectionData
[2024-03-29 20:47:24Z INFO RSAEncryptedFileKeyManager] Loading RSA key parameters from file C:\Users\etbra\OneDrive\Documents\GitHub\ci-cd-testing-gh-actions\deploy\.credentials_rsaparams
[2024-03-29 20:47:24Z INFO RSAEncryptedFileKeyManager] Loading RSA key parameters from file C:\Users\etbra\OneDrive\Documents\GitHub\ci-cd-testing-gh-actions\deploy\.credentials_rsaparams
[2024-03-29 20:47:24Z INFO GitHubActionsService] AAD Correlation ID for this token request: Unknown
[2024-03-29 20:47:24Z INFO CommandSettings] Arg 'work': ''
[2024-03-29 20:47:24Z INFO CommandSettings] Flag 'unattended': 'False'
[2024-03-29 20:47:24Z INFO PromptManager] ReadValue
[2024-03-29 20:47:24Z INFO Terminal] WRITE: Enter name of work folder: 
[2024-03-29 20:47:24Z INFO Terminal] WRITE: [press Enter for _work] 
[2024-03-29 20:47:24Z INFO Terminal] READ LINE
[2024-03-29 20:47:32Z INFO Terminal] Read value: ''
[2024-03-29 20:47:32Z INFO PromptManager] Falling back to the default: '_work'
[2024-03-29 20:47:32Z INFO ConfigurationStore] Saving runner settings.
[2024-03-29 20:47:32Z INFO ConfigurationStore] Settings Saved.
[2024-03-29 20:47:32Z INFO Terminal] WRITE LINE: 
[2024-03-29 20:47:32Z INFO Terminal] WRITE LINE: 
[2024-03-29 20:47:32Z INFO CommandSettings] Flag 'runasservice': 'False'
[2024-03-29 20:47:32Z INFO CommandSettings] Flag 'unattended': 'False'
[2024-03-29 20:47:32Z INFO PromptManager] ReadValue
[2024-03-29 20:47:32Z INFO Terminal] WRITE: Would you like to run the runner as service? (Y/N) 
[2024-03-29 20:47:32Z INFO Terminal] WRITE: [press Enter for N] 
[2024-03-29 20:47:32Z INFO Terminal] READ LINE
[2024-03-29 20:47:36Z INFO Terminal] Read value: 'Y'
[2024-03-29 20:47:36Z INFO ConfigurationManager] Configuring to run the agent as service
[2024-03-29 20:47:36Z INFO CommandSettings] Arg 'windowslogonaccount': ''
[2024-03-29 20:47:36Z INFO CommandSettings] Flag 'unattended': 'False'
[2024-03-29 20:47:36Z INFO PromptManager] ReadValue
[2024-03-29 20:47:36Z INFO Terminal] WRITE: User account to use for the service 
[2024-03-29 20:47:36Z INFO Terminal] WRITE: [press Enter for NT AUTHORITY\NETWORK SERVICE] 
[2024-03-29 20:47:36Z INFO Terminal] READ LINE
[2024-03-29 20:47:45Z INFO Terminal] Read value: ''
[2024-03-29 20:47:45Z INFO PromptManager] Falling back to the default: 'NT AUTHORITY\NETWORK SERVICE'
[2024-03-29 20:47:45Z INFO WindowsServiceControlManager] LogonAccount after transforming: NT AUTHORITY\NETWORK SERVICE, user: NETWORK SERVICE, domain: NT AUTHORITY
[2024-03-29 20:47:45Z INFO WindowsServiceControlManager] Service name 'actions.runner.Schoolhighfivebrad-ci-cd-testing-gh-actions.deploy' display name 'GitHub Actions Runner (Schoolhighfivebrad-ci-cd-testing-gh-actions.deploy)' will be used for service configuration.
[2024-03-29 20:47:45Z INFO WindowsServiceControlManager] Verifying if the account has LogonAsService permission
[2024-03-29 20:47:45Z INFO WindowsServiceControlManager] Account: NT AUTHORITY\NETWORK SERVICE already has Logon As Service Privilege.
[2024-03-29 20:47:45Z INFO WindowsServiceControlManager] Create local group and grant folder permission to service logon account.
[2024-03-29 20:47:45Z INFO HostContext] Well known directory 'Bin': 'C:\Users\etbra\OneDrive\Documents\GitHub\ci-cd-testing-gh-actions\deploy\bin'
[2024-03-29 20:47:45Z INFO HostContext] Well known directory 'Root': 'C:\Users\etbra\OneDrive\Documents\GitHub\ci-cd-testing-gh-actions\deploy'
[2024-03-29 20:47:45Z INFO ConfigurationStore] Read setting file: 323 chars
[2024-03-29 20:47:45Z INFO HostContext] Well known directory 'Bin': 'C:\Users\etbra\OneDrive\Documents\GitHub\ci-cd-testing-gh-actions\deploy\bin'
[2024-03-29 20:47:45Z INFO HostContext] Well known directory 'Root': 'C:\Users\etbra\OneDrive\Documents\GitHub\ci-cd-testing-gh-actions\deploy'
[2024-03-29 20:47:45Z INFO HostContext] Well known directory 'Work': 'C:\Users\etbra\OneDrive\Documents\GitHub\ci-cd-testing-gh-actions\deploy\_work'
[2024-03-29 20:47:45Z INFO HostContext] Well known directory 'Bin': 'C:\Users\etbra\OneDrive\Documents\GitHub\ci-cd-testing-gh-actions\deploy\bin'
[2024-03-29 20:47:45Z INFO NativeWindowsServiceHelper] Calculated unique group name GITHUB_ActionsRunner_G4dd76
[2024-03-29 20:47:45Z INFO NativeWindowsServiceHelper] Trying to create group GITHUB_ActionsRunner_G4dd76
[2024-03-29 20:47:45Z INFO NativeWindowsServiceHelper] Local Group 'GITHUB_ActionsRunner_G4dd76' created
[2024-03-29 20:47:45Z INFO NativeWindowsServiceHelper] Trying to add userName NT AUTHORITY\NETWORK SERVICE to the group GITHUB_ActionsRunner_G4dd76
[2024-03-29 20:47:45Z INFO NativeWindowsServiceHelper] Account 'NT AUTHORITY\NETWORK SERVICE' is added to local group 'GITHUB_ActionsRunner_G4dd76'.
[2024-03-29 20:47:45Z INFO NativeWindowsServiceHelper] Set full access control to group for the folder C:\Users\etbra\OneDrive\Documents\GitHub\ci-cd-testing-gh-actions\deploy
[2024-03-29 20:47:46Z INFO NativeWindowsServiceHelper] Set full access control to group for the folder C:\Users\etbra\OneDrive\Documents\GitHub\ci-cd-testing-gh-actions\deploy\_work
[2024-03-29 20:47:46Z INFO NativeWindowsServiceHelper] Local group 'GITHUB_ActionsRunner_G4dd76' already has full control to path 'C:\Users\etbra\OneDrive\Documents\GitHub\ci-cd-testing-gh-actions\deploy\_work'.
[2024-03-29 20:47:46Z INFO Terminal] WRITE LINE: Granting file permissions to 'NT AUTHORITY\NETWORK SERVICE'.
[2024-03-29 20:47:46Z INFO HostContext] Well known directory 'Bin': 'C:\Users\etbra\OneDrive\Documents\GitHub\ci-cd-testing-gh-actions\deploy\bin'
[2024-03-29 20:47:46Z INFO ProcessInvokerWrapper] Starting process:
[2024-03-29 20:47:46Z INFO ProcessInvokerWrapper]   File name: '"C:\Users\etbra\OneDrive\Documents\GitHub\ci-cd-testing-gh-actions\deploy\bin\RunnerService.exe"'
[2024-03-29 20:47:46Z INFO ProcessInvokerWrapper]   Arguments: 'init'
[2024-03-29 20:47:46Z INFO ProcessInvokerWrapper]   Working directory: ''
[2024-03-29 20:47:46Z INFO ProcessInvokerWrapper]   Require exit code zero: 'True'
[2024-03-29 20:47:46Z INFO ProcessInvokerWrapper]   Encoding web name:  ; code page: ''
[2024-03-29 20:47:46Z INFO ProcessInvokerWrapper]   Force kill process on cancellation: 'False'
[2024-03-29 20:47:46Z INFO ProcessInvokerWrapper]   Redirected STDIN: 'False'
[2024-03-29 20:47:46Z INFO ProcessInvokerWrapper]   Persist current code page: 'False'
[2024-03-29 20:47:46Z INFO ProcessInvokerWrapper]   Keep redirected STDIN open: 'False'
[2024-03-29 20:47:46Z INFO ProcessInvokerWrapper]   High priority process: 'False'
[2024-03-29 20:47:46Z INFO ProcessInvokerWrapper] Process started with process id 23432, waiting for process exit.
[2024-03-29 20:47:46Z INFO ProcessInvokerWrapper] STDOUT/STDERR stream read finished.
[2024-03-29 20:47:46Z INFO ProcessInvokerWrapper] STDOUT/STDERR stream read finished.
[2024-03-29 20:47:46Z INFO ProcessInvokerWrapper] Finished process 23432 with exit code 0, and elapsed time 00:00:00.2955131.
[2024-03-29 20:47:46Z INFO Terminal] WRITE LINE: Service actions.runner.Schoolhighfivebrad-ci-cd-testing-gh-actions.deploy successfully installed
[2024-03-29 20:47:46Z INFO Terminal] WRITE LINE: Service actions.runner.Schoolhighfivebrad-ci-cd-testing-gh-actions.deploy successfully set recovery option
[2024-03-29 20:47:46Z INFO Terminal] WRITE LINE: Service actions.runner.Schoolhighfivebrad-ci-cd-testing-gh-actions.deploy successfully set to delayed auto start
[2024-03-29 20:47:46Z INFO Terminal] WRITE LINE: Service actions.runner.Schoolhighfivebrad-ci-cd-testing-gh-actions.deploy successfully configured
[2024-03-29 20:47:46Z INFO HostContext] Well known directory 'Bin': 'C:\Users\etbra\OneDrive\Documents\GitHub\ci-cd-testing-gh-actions\deploy\bin'
[2024-03-29 20:47:46Z INFO HostContext] Well known directory 'Root': 'C:\Users\etbra\OneDrive\Documents\GitHub\ci-cd-testing-gh-actions\deploy'
[2024-03-29 20:47:46Z INFO HostContext] Well known config file 'Service': 'C:\Users\etbra\OneDrive\Documents\GitHub\ci-cd-testing-gh-actions\deploy\.service'
[2024-03-29 20:47:46Z INFO WindowsServiceControlManager] Configuration was successful, trying to start the service
[2024-03-29 20:47:46Z INFO Terminal] WRITE LINE: Waiting for service to start...
[2024-03-29 20:47:47Z INFO Terminal] WRITE LINE: Service actions.runner.Schoolhighfivebrad-ci-cd-testing-gh-actions.deploy started successfully
[2024-03-29 20:47:47Z INFO Listener] Runner execution has finished with return code 0
